# JRE version: Java(TM) SE Runtime Environment (17.0.8+9) (build 17.0.8+9-LTS-211)
# Java VM: Java HotSpot(TM) 64-Bit Server VM (17.0.8+9-LTS-211, mixed mode, sharing, tiered, compressed oops, compressed class ptrs, g1 gc, windows-amd64)
GC Precious Log:
 CPUs: 4 total, 4 available
 Memory: 8186M
 Large Page Support: Disabled
 NUMA Support: Disabled
 Compressed Oops: Enabled (32-bit)
 Heap Region Size: 1M
 Heap Min Capacity: 8M
 Heap Initial Capacity: 128M
 Heap Max Capacity: 2G
 Pre-touch: Disabled
 Parallel Workers: 4
 Concurrent Workers: 1
 Concurrent Refinement Workers: 4
 Periodic GC: Disabled
Heap:
 garbage-first heap   total 131072K, used 13315K [0x0000000080000000, 0x0000000100000000)
  region size 1024K, 11 young (11264K), 2 survivors (2048K)
 Metaspace       used 10686K, committed 10880K, reserved 1114112K
  class space    used 1305K, committed 1408K, reserved 1048576K
GC Heap History (6 events):
Event: 3.003 GC heap before
{Heap before GC invocations=0 (full 0):
 garbage-first heap   total 131072K, used 13312K [0x0000000080000000, 0x0000000100000000)
  region size 1024K, 13 young (13312K), 0 survivors (0K)
 Metaspace       used 3566K, committed 3776K, reserved 1114112K
  class space    used 377K, committed 512K, reserved 1048576K
}
Event: 3.016 GC heap after
{Heap after GC invocations=1 (full 0):
 garbage-first heap   total 131072K, used 3339K [0x0000000080000000, 0x0000000100000000)
  region size 1024K, 2 young (2048K), 2 survivors (2048K)
 Metaspace       used 3566K, committed 3776K, reserved 1114112K
  class space    used 377K, committed 512K, reserved 1048576K
}
Event: 3.424 GC heap before
{Heap before GC invocations=1 (full 0):
 garbage-first heap   total 131072K, used 14603K [0x0000000080000000, 0x0000000100000000)
  region size 1024K, 14 young (14336K), 2 survivors (2048K)
 Metaspace       used 5602K, committed 5760K, reserved 1114112K
  class space    used 676K, committed 768K, reserved 1048576K
}
Event: 3.435 GC heap after
{Heap after GC invocations=2 (full 0):
 garbage-first heap   total 131072K, used 4180K [0x0000000080000000, 0x0000000100000000)
  region size 1024K, 1 young (1024K), 1 survivors (1024K)
 Metaspace       used 5602K, committed 5760K, reserved 1114112K
  class space    used 676K, committed 768K, reserved 1048576K
}
Event: 4.450 GC heap before
{Heap before GC invocations=2 (full 0):
 garbage-first heap   total 131072K, used 27732K [0x0000000080000000, 0x0000000100000000)
  region size 1024K, 25 young (25600K), 1 survivors (1024K)
 Metaspace       used 8908K, committed 9088K, reserved 1114112K
  class space    used 1079K, committed 1152K, reserved 1048576K
}
Event: 4.459 GC heap after
{Heap after GC invocations=3 (full 0):
 garbage-first heap   total 131072K, used 5123K [0x0000000080000000, 0x0000000100000000)
  region size 1024K, 2 young (2048K), 2 survivors (2048K)
 Metaspace       used 8908K, committed 9088K, reserved 1114112K
  class space    used 1079K, committed 1152K, reserved 1048576K
}

