# JRE version: Java(TM) SE Runtime Environment (17.0.8+9) (build 17.0.8+9-LTS-211)
# Java VM: Java HotSpot(TM) 64-Bit Server VM (17.0.8+9-LTS-211, mixed mode, sharing, tiered, compressed oops, compressed class ptrs, g1 gc, windows-amd64)
GC Precious Log:
 CPUs: 4 total, 4 available
 Memory: 8186M
 Large Page Support: Disabled
 NUMA Support: Disabled
 Compressed Oops: Enabled (32-bit)
 Heap Region Size: 1M
 Heap Min Capacity: 8M
 Heap Initial Capacity: 128M
 Heap Max Capacity: 2G
 Pre-touch: Disabled
 Parallel Workers: 4
 Concurrent Workers: 1
 Concurrent Refinement Workers: 4
 Periodic GC: Disabled
Heap:
 garbage-first heap   total 131072K, used 36445K [0x0000000080000000, 0x0000000100000000)
  region size 1024K, 23 young (23552K), 5 survivors (5120K)
 Metaspace       used 18978K, committed 19328K, reserved 1114112K
  class space    used 2175K, committed 2368K, reserved 1048576K
GC Heap History (10 events):
Event: 2.894 GC heap before
{Heap before GC invocations=0 (full 0):
 garbage-first heap   total 131072K, used 13312K [0x0000000080000000, 0x0000000100000000)
  region size 1024K, 13 young (13312K), 0 survivors (0K)
 Metaspace       used 3464K, committed 3584K, reserved 1114112K
  class space    used 367K, committed 384K, reserved 1048576K
}
Event: 2.901 GC heap after
{Heap after GC invocations=1 (full 0):
 garbage-first heap   total 131072K, used 3311K [0x0000000080000000, 0x0000000100000000)
  region size 1024K, 2 young (2048K), 2 survivors (2048K)
 Metaspace       used 3464K, committed 3584K, reserved 1114112K
  class space    used 367K, committed 384K, reserved 1048576K
}
Event: 3.274 GC heap before
{Heap before GC invocations=1 (full 0):
 garbage-first heap   total 131072K, used 14575K [0x0000000080000000, 0x0000000100000000)
  region size 1024K, 13 young (13312K), 2 survivors (2048K)
 Metaspace       used 5497K, committed 5696K, reserved 1114112K
  class space    used 665K, committed 768K, reserved 1048576K
}
Event: 3.281 GC heap after
{Heap after GC invocations=2 (full 0):
 garbage-first heap   total 131072K, used 4050K [0x0000000080000000, 0x0000000100000000)
  region size 1024K, 1 young (1024K), 1 survivors (1024K)
 Metaspace       used 5497K, committed 5696K, reserved 1114112K
  class space    used 665K, committed 768K, reserved 1048576K
}
Event: 3.993 GC heap before
{Heap before GC invocations=2 (full 0):
 garbage-first heap   total 131072K, used 28626K [0x0000000080000000, 0x0000000100000000)
  region size 1024K, 25 young (25600K), 1 survivors (1024K)
 Metaspace       used 8685K, committed 8832K, reserved 1114112K
  class space    used 1052K, committed 1152K, reserved 1048576K
}
Event: 3.998 GC heap after
{Heap after GC invocations=3 (full 0):
 garbage-first heap   total 131072K, used 4923K [0x0000000080000000, 0x0000000100000000)
  region size 1024K, 2 young (2048K), 2 survivors (2048K)
 Metaspace       used 8685K, committed 8832K, reserved 1114112K
  class space    used 1052K, committed 1152K, reserved 1048576K
}
Event: 6.888 GC heap before
{Heap before GC invocations=3 (full 0):
 garbage-first heap   total 131072K, used 80699K [0x0000000080000000, 0x0000000100000000)
  region size 1024K, 76 young (77824K), 2 survivors (2048K)
 Metaspace       used 15601K, committed 15744K, reserved 1114112K
  class space    used 1860K, committed 1920K, reserved 1048576K
}
Event: 6.907 GC heap after
{Heap after GC invocations=4 (full 0):
 garbage-first heap   total 131072K, used 12739K [0x0000000080000000, 0x0000000100000000)
  region size 1024K, 10 young (10240K), 10 survivors (10240K)
 Metaspace       used 15601K, committed 15744K, reserved 1114112K
  class space    used 1860K, committed 1920K, reserved 1048576K
}
Event: 9.214 GC heap before
{Heap before GC invocations=4 (full 0):
 garbage-first heap   total 131072K, used 112067K [0x0000000080000000, 0x0000000100000000)
  region size 1024K, 76 young (77824K), 10 survivors (10240K)
 Metaspace       used 18053K, committed 18368K, reserved 1114112K
  class space    used 2080K, committed 2240K, reserved 1048576K
}
Event: 9.239 GC heap after
{Heap after GC invocations=5 (full 0):
 garbage-first heap   total 131072K, used 16989K [0x0000000080000000, 0x0000000100000000)
  region size 1024K, 5 young (5120K), 5 survivors (5120K)
 Metaspace       used 18053K, committed 18368K, reserved 1114112K
  class space    used 2080K, committed 2240K, reserved 1048576K
}

